<?xml version="1.0" encoding="UTF-8"?>
<testng-results skipped="0" failed="0" ignored="0" total="1" passed="1">
  <reporter-output>
  </reporter-output>
  <suite name="Default suite" duration-ms="12516" started-at="2022-08-17T21:35:58 IST" finished-at="2022-08-17T21:36:11 IST">
    <groups>
    </groups>
    <test name="Default test" duration-ms="12516" started-at="2022-08-17T21:35:58 IST" finished-at="2022-08-17T21:36:11 IST">
      <class name="com.vtiger.organization.TC_41_CretaeOrganization1">
        <test-method status="PASS" signature="launchBrowser()[pri:0, instance:com.vtiger.organization.TC_41_CretaeOrganization1@706a04ae]" name="launchBrowser" is-config="true" duration-ms="2947" started-at="2022-08-17T21:35:58 IST" finished-at="2022-08-17T21:36:01 IST">
          <reporter-output>
          </reporter-output>
        </test-method> <!-- launchBrowser -->
        <test-method status="PASS" signature="login()[pri:0, instance:com.vtiger.organization.TC_41_CretaeOrganization1@706a04ae]" name="login" is-config="true" duration-ms="2545" started-at="2022-08-17T21:36:01 IST" finished-at="2022-08-17T21:36:04 IST">
          <reporter-output>
          </reporter-output>
        </test-method> <!-- login -->
        <test-method status="PASS" signature="createOrganizationTest()[pri:0, instance:com.vtiger.organization.TC_41_CretaeOrganization1@706a04ae]" name="createOrganizationTest" duration-ms="5699" started-at="2022-08-17T21:36:04 IST" finished-at="2022-08-17T21:36:09 IST">
          <reporter-output>
          </reporter-output>
        </test-method> <!-- createOrganizationTest -->
        <test-method status="PASS" signature="logout()[pri:0, instance:com.vtiger.organization.TC_41_CretaeOrganization1@706a04ae]" name="logout" is-config="true" duration-ms="555" started-at="2022-08-17T21:36:09 IST" finished-at="2022-08-17T21:36:10 IST">
          <reporter-output>
          </reporter-output>
        </test-method> <!-- logout -->
        <test-method status="PASS" signature="closeBrowser()[pri:0, instance:com.vtiger.organization.TC_41_CretaeOrganization1@706a04ae]" name="closeBrowser" is-config="true" duration-ms="725" started-at="2022-08-17T21:36:10 IST" finished-at="2022-08-17T21:36:11 IST">
          <reporter-output>
          </reporter-output>
        </test-method> <!-- closeBrowser -->
      </class> <!-- com.vtiger.organization.TC_41_CretaeOrganization1 -->
    </test> <!-- Default test -->
  </suite> <!-- Default suite -->
</testng-results>
